Flow report for HELLO_WORLD
Wed Nov 16 14:47:11 2016
Quartus II 64-Bit Version 12.1 Build 177 11/07/2012 SJ Full Version


---------------------
; Table of Contents ;
---------------------
  1. Legal Notice
  2. Flow Summary
  3. Flow Settings
  4. Flow Non-Default Global Settings
  5. Flow Elapsed Time
  6. Flow OS Summary
  7. Flow Log



----------------
; Legal Notice ;
----------------
Copyright (C) 1991-2012 Altera Corporation
Your use of Altera Corporation's design tools, logic functions 
and other software and tools, and its AMPP partner logic 
functions, and any output files from any of the foregoing 
(including device programming or simulation files), and any 
associated documentation or information are expressly subject 
to the terms and conditions of the Altera Program License 
Subscription Agreement, Altera MegaCore Function License 
Agreement, or other applicable license agreement, including, 
without limitation, that your use is for the sole purpose of 
programming logic devices manufactured by Altera and sold by 
Altera or its authorized distributors.  Please refer to the 
applicable agreement for further details.



+--------------------------------------------------------------------------------+
; Flow Summary                                                                   ;
+------------------------------------+-------------------------------------------+
; Flow Status                        ; Successful - Wed Nov 16 14:47:11 2016     ;
; Quartus II 64-Bit Version          ; 12.1 Build 177 11/07/2012 SJ Full Version ;
; Revision Name                      ; HELLO_WORLD                               ;
; Top-level Entity Name              ; HELLO_WORLD                               ;
; Family                             ; Cyclone IV E                              ;
; Device                             ; EP4CE40F23C6                              ;
; Timing Models                      ; Final                                     ;
; Total logic elements               ; 2,949 / 39,600 ( 7 % )                    ;
;     Total combinational functions  ; 2,653 / 39,600 ( 7 % )                    ;
;     Dedicated logic registers      ; 1,795 / 39,600 ( 5 % )                    ;
; Total registers                    ; 1795                                      ;
; Total pins                         ; 2 / 329 ( < 1 % )                         ;
; Total virtual pins                 ; 0                                         ;
; Total memory bits                  ; 391,232 / 1,161,216 ( 34 % )              ;
; Embedded Multiplier 9-bit elements ; 4 / 232 ( 2 % )                           ;
; Total PLLs                         ; 1 / 4 ( 25 % )                            ;
+------------------------------------+-------------------------------------------+


+-----------------------------------------+
; Flow Settings                           ;
+-------------------+---------------------+
; Option            ; Setting             ;
+-------------------+---------------------+
; Start date & time ; 11/16/2016 14:46:15 ;
; Main task         ; Compilation         ;
; Revision Name     ; HELLO_WORLD         ;
+-------------------+---------------------+


+-------------------------------------------------------------------------------------------------------------------------------------------------------------------+
; Flow Non-Default Global Settings                                                                                                                                  ;
+-------------------------------------+----------------------------------------------------------+---------------+---------------------------------+----------------+
; Assignment Name                     ; Value                                                    ; Default Value ; Entity Name                     ; Section Id     ;
+-------------------------------------+----------------------------------------------------------+---------------+---------------------------------+----------------+
; COMPILER_SIGNATURE_ID               ; 268678285257400.147927877505412                          ; --            ; --                              ; --             ;
; EDA_OUTPUT_DATA_FORMAT              ; Verilog Hdl                                              ; --            ; --                              ; eda_simulation ;
; EDA_SIMULATION_TOOL                 ; ModelSim-Altera (Verilog)                                ; <None>        ; --                              ; --             ;
; ENABLE_SIGNALTAP                    ; Off                                                      ; --            ; --                              ; --             ;
; IP_TOOL_ENV                         ; qsys                                                     ; --            ; KERNEL                          ; --             ;
; IP_TOOL_ENV                         ; qsys                                                     ; --            ; KERNEL_addr_router              ; --             ;
; IP_TOOL_ENV                         ; qsys                                                     ; --            ; KERNEL_addr_router_001          ; --             ;
; IP_TOOL_ENV                         ; qsys                                                     ; --            ; KERNEL_cmd_xbar_demux           ; --             ;
; IP_TOOL_ENV                         ; qsys                                                     ; --            ; KERNEL_cmd_xbar_demux_001       ; --             ;
; IP_TOOL_ENV                         ; qsys                                                     ; --            ; KERNEL_cmd_xbar_mux             ; --             ;
; IP_TOOL_ENV                         ; qsys                                                     ; --            ; KERNEL_id_router                ; --             ;
; IP_TOOL_ENV                         ; qsys                                                     ; --            ; KERNEL_id_router_002            ; --             ;
; IP_TOOL_ENV                         ; qsys                                                     ; --            ; KERNEL_irq_mapper               ; --             ;
; IP_TOOL_ENV                         ; qsys                                                     ; --            ; KERNEL_jtag_uart_0              ; --             ;
; IP_TOOL_ENV                         ; qsys                                                     ; --            ; KERNEL_nios2                    ; --             ;
; IP_TOOL_ENV                         ; qsys                                                     ; --            ; KERNEL_onchip_memory            ; --             ;
; IP_TOOL_ENV                         ; qsys                                                     ; --            ; KERNEL_rsp_xbar_demux           ; --             ;
; IP_TOOL_ENV                         ; qsys                                                     ; --            ; KERNEL_rsp_xbar_demux_002       ; --             ;
; IP_TOOL_ENV                         ; qsys                                                     ; --            ; KERNEL_rsp_xbar_mux             ; --             ;
; IP_TOOL_ENV                         ; qsys                                                     ; --            ; KERNEL_rsp_xbar_mux_001         ; --             ;
; IP_TOOL_ENV                         ; qsys                                                     ; --            ; KERNEL_sysid_qsys_0             ; --             ;
; IP_TOOL_ENV                         ; qsys                                                     ; --            ; altera_avalon_sc_fifo           ; --             ;
; IP_TOOL_ENV                         ; qsys                                                     ; --            ; altera_merlin_master_agent      ; --             ;
; IP_TOOL_ENV                         ; qsys                                                     ; --            ; altera_merlin_master_translator ; --             ;
; IP_TOOL_ENV                         ; qsys                                                     ; --            ; altera_merlin_slave_agent       ; --             ;
; IP_TOOL_ENV                         ; qsys                                                     ; --            ; altera_merlin_slave_translator  ; --             ;
; IP_TOOL_ENV                         ; qsys                                                     ; --            ; altera_merlin_traffic_limiter   ; --             ;
; IP_TOOL_ENV                         ; qsys                                                     ; --            ; altera_reset_controller         ; --             ;
; IP_TOOL_NAME                        ; ALTPLL                                                   ; --            ; --                              ; --             ;
; IP_TOOL_NAME                        ; qsys                                                     ; --            ; KERNEL                          ; --             ;
; IP_TOOL_NAME                        ; altera_merlin_router                                     ; --            ; KERNEL_addr_router              ; --             ;
; IP_TOOL_NAME                        ; altera_merlin_router                                     ; --            ; KERNEL_addr_router_001          ; --             ;
; IP_TOOL_NAME                        ; altera_merlin_demultiplexer                              ; --            ; KERNEL_cmd_xbar_demux           ; --             ;
; IP_TOOL_NAME                        ; altera_merlin_demultiplexer                              ; --            ; KERNEL_cmd_xbar_demux_001       ; --             ;
; IP_TOOL_NAME                        ; altera_merlin_multiplexer                                ; --            ; KERNEL_cmd_xbar_mux             ; --             ;
; IP_TOOL_NAME                        ; altera_merlin_router                                     ; --            ; KERNEL_id_router                ; --             ;
; IP_TOOL_NAME                        ; altera_merlin_router                                     ; --            ; KERNEL_id_router_002            ; --             ;
; IP_TOOL_NAME                        ; altera_irq_mapper                                        ; --            ; KERNEL_irq_mapper               ; --             ;
; IP_TOOL_NAME                        ; altera_avalon_jtag_uart                                  ; --            ; KERNEL_jtag_uart_0              ; --             ;
; IP_TOOL_NAME                        ; altera_nios2_qsys                                        ; --            ; KERNEL_nios2                    ; --             ;
; IP_TOOL_NAME                        ; altera_avalon_onchip_memory2                             ; --            ; KERNEL_onchip_memory            ; --             ;
; IP_TOOL_NAME                        ; altera_merlin_demultiplexer                              ; --            ; KERNEL_rsp_xbar_demux           ; --             ;
; IP_TOOL_NAME                        ; altera_merlin_demultiplexer                              ; --            ; KERNEL_rsp_xbar_demux_002       ; --             ;
; IP_TOOL_NAME                        ; altera_merlin_multiplexer                                ; --            ; KERNEL_rsp_xbar_mux             ; --             ;
; IP_TOOL_NAME                        ; altera_merlin_multiplexer                                ; --            ; KERNEL_rsp_xbar_mux_001         ; --             ;
; IP_TOOL_NAME                        ; altera_avalon_sysid_qsys                                 ; --            ; KERNEL_sysid_qsys_0             ; --             ;
; IP_TOOL_NAME                        ; altera_avalon_sc_fifo                                    ; --            ; altera_avalon_sc_fifo           ; --             ;
; IP_TOOL_NAME                        ; altera_merlin_master_agent                               ; --            ; altera_merlin_master_agent      ; --             ;
; IP_TOOL_NAME                        ; altera_merlin_master_translator                          ; --            ; altera_merlin_master_translator ; --             ;
; IP_TOOL_NAME                        ; altera_merlin_slave_agent                                ; --            ; altera_merlin_slave_agent       ; --             ;
; IP_TOOL_NAME                        ; altera_merlin_slave_translator                           ; --            ; altera_merlin_slave_translator  ; --             ;
; IP_TOOL_NAME                        ; altera_merlin_traffic_limiter                            ; --            ; altera_merlin_traffic_limiter   ; --             ;
; IP_TOOL_NAME                        ; altera_reset_controller                                  ; --            ; altera_reset_controller         ; --             ;
; IP_TOOL_VERSION                     ; 12.1                                                     ; --            ; --                              ; --             ;
; IP_TOOL_VERSION                     ; 12.1                                                     ; --            ; KERNEL                          ; --             ;
; IP_TOOL_VERSION                     ; 12.1                                                     ; --            ; KERNEL_addr_router              ; --             ;
; IP_TOOL_VERSION                     ; 12.1                                                     ; --            ; KERNEL_addr_router_001          ; --             ;
; IP_TOOL_VERSION                     ; 12.1                                                     ; --            ; KERNEL_cmd_xbar_demux           ; --             ;
; IP_TOOL_VERSION                     ; 12.1                                                     ; --            ; KERNEL_cmd_xbar_demux_001       ; --             ;
; IP_TOOL_VERSION                     ; 12.1                                                     ; --            ; KERNEL_cmd_xbar_mux             ; --             ;
; IP_TOOL_VERSION                     ; 12.1                                                     ; --            ; KERNEL_id_router                ; --             ;
; IP_TOOL_VERSION                     ; 12.1                                                     ; --            ; KERNEL_id_router_002            ; --             ;
; IP_TOOL_VERSION                     ; 12.1                                                     ; --            ; KERNEL_irq_mapper               ; --             ;
; IP_TOOL_VERSION                     ; 12.1                                                     ; --            ; KERNEL_jtag_uart_0              ; --             ;
; IP_TOOL_VERSION                     ; 12.1                                                     ; --            ; KERNEL_nios2                    ; --             ;
; IP_TOOL_VERSION                     ; 12.1                                                     ; --            ; KERNEL_onchip_memory            ; --             ;
; IP_TOOL_VERSION                     ; 12.1                                                     ; --            ; KERNEL_rsp_xbar_demux           ; --             ;
; IP_TOOL_VERSION                     ; 12.1                                                     ; --            ; KERNEL_rsp_xbar_demux_002       ; --             ;
; IP_TOOL_VERSION                     ; 12.1                                                     ; --            ; KERNEL_rsp_xbar_mux             ; --             ;
; IP_TOOL_VERSION                     ; 12.1                                                     ; --            ; KERNEL_rsp_xbar_mux_001         ; --             ;
; IP_TOOL_VERSION                     ; 12.1                                                     ; --            ; KERNEL_sysid_qsys_0             ; --             ;
; IP_TOOL_VERSION                     ; 12.1                                                     ; --            ; altera_avalon_sc_fifo           ; --             ;
; IP_TOOL_VERSION                     ; 12.1                                                     ; --            ; altera_merlin_master_agent      ; --             ;
; IP_TOOL_VERSION                     ; 12.1                                                     ; --            ; altera_merlin_master_translator ; --             ;
; IP_TOOL_VERSION                     ; 12.1                                                     ; --            ; altera_merlin_slave_agent       ; --             ;
; IP_TOOL_VERSION                     ; 12.1                                                     ; --            ; altera_merlin_slave_translator  ; --             ;
; IP_TOOL_VERSION                     ; 12.1                                                     ; --            ; altera_merlin_traffic_limiter   ; --             ;
; IP_TOOL_VERSION                     ; 12.1                                                     ; --            ; altera_reset_controller         ; --             ;
; MAX_CORE_JUNCTION_TEMP              ; 85                                                       ; --            ; --                              ; --             ;
; MIN_CORE_JUNCTION_TEMP              ; 0                                                        ; --            ; --                              ; --             ;
; MISC_FILE                           ; KERNEL/synthesis/../../KERNEL.cmp                        ; --            ; --                              ; --             ;
; MISC_FILE                           ; KERNEL/synthesis/../../KERNEL.qsys                       ; --            ; --                              ; --             ;
; MISC_FILE                           ; PLL.bsf                                                  ; --            ; --                              ; --             ;
; MISC_FILE                           ; PLL_inst.v                                               ; --            ; --                              ; --             ;
; MISC_FILE                           ; PLL_bb.v                                                 ; --            ; --                              ; --             ;
; MISC_FILE                           ; PLL.ppf                                                  ; --            ; --                              ; --             ;
; OUTPUT_IO_TIMING_FAR_END_VMEAS      ; Half Signal Swing                                        ; --            ; --                              ; --             ;
; OUTPUT_IO_TIMING_FAR_END_VMEAS      ; Half Signal Swing                                        ; --            ; --                              ; --             ;
; OUTPUT_IO_TIMING_NEAR_END_VMEAS     ; Half Vccio                                               ; --            ; --                              ; --             ;
; OUTPUT_IO_TIMING_NEAR_END_VMEAS     ; Half Vccio                                               ; --            ; --                              ; --             ;
; PARTITION_COLOR                     ; 16764057                                                 ; --            ; --                              ; Top            ;
; PARTITION_FITTER_PRESERVATION_LEVEL ; PLACEMENT_AND_ROUTING                                    ; --            ; --                              ; Top            ;
; PARTITION_NETLIST_TYPE              ; SOURCE                                                   ; --            ; --                              ; Top            ;
; POWER_BOARD_THERMAL_MODEL           ; None (CONSERVATIVE)                                      ; --            ; --                              ; --             ;
; POWER_PRESET_COOLING_SOLUTION       ; 23 MM HEAT SINK WITH 200 LFPM AIRFLOW                    ; --            ; --                              ; --             ;
; PROJECT_OUTPUT_DIRECTORY            ; output_files                                             ; --            ; --                              ; --             ;
; SLD_INFO                            ; QSYS_NAME KERNEL HAS_SOPCINFO 1 GENERATION_ID 1479277283 ; --            ; KERNEL                          ; --             ;
; SOPCINFO_FILE                       ; KERNEL/synthesis/../../KERNEL.sopcinfo                   ; --            ; --                              ; --             ;
; SYNTHESIS_ONLY_QIP                  ; On                                                       ; --            ; --                              ; --             ;
+-------------------------------------+----------------------------------------------------------+---------------+---------------------------------+----------------+


+-------------------------------------------------------------------------------------------------------------------------------+
; Flow Elapsed Time                                                                                                             ;
+---------------------------+--------------+-------------------------+---------------------+------------------------------------+
; Module Name               ; Elapsed Time ; Average Processors Used ; Peak Virtual Memory ; Total CPU Time (on all processors) ;
+---------------------------+--------------+-------------------------+---------------------+------------------------------------+
; Analysis & Synthesis      ; 00:00:17     ; 1.0                     ; 587 MB              ; 00:00:16                           ;
; Fitter                    ; 00:00:22     ; 1.9                     ; 798 MB              ; 00:00:26                           ;
; Assembler                 ; 00:00:02     ; 1.0                     ; 431 MB              ; 00:00:03                           ;
; TimeQuest Timing Analyzer ; 00:00:04     ; 1.0                     ; 542 MB              ; 00:00:04                           ;
; EDA Netlist Writer        ; 00:00:05     ; 1.0                     ; 438 MB              ; 00:00:04                           ;
; Total                     ; 00:00:50     ; --                      ; --                  ; 00:00:53                           ;
+---------------------------+--------------+-------------------------+---------------------+------------------------------------+


+----------------------------------------------------------------------------------------+
; Flow OS Summary                                                                        ;
+---------------------------+------------------+-----------+------------+----------------+
; Module Name               ; Machine Hostname ; OS Name   ; OS Version ; Processor type ;
+---------------------------+------------------+-----------+------------+----------------+
; Analysis & Synthesis      ; NMRCabbage-PC    ; Windows 7 ; 6.1        ; x86_64         ;
; Fitter                    ; NMRCabbage-PC    ; Windows 7 ; 6.1        ; x86_64         ;
; Assembler                 ; NMRCabbage-PC    ; Windows 7 ; 6.1        ; x86_64         ;
; TimeQuest Timing Analyzer ; NMRCabbage-PC    ; Windows 7 ; 6.1        ; x86_64         ;
; EDA Netlist Writer        ; NMRCabbage-PC    ; Windows 7 ; 6.1        ; x86_64         ;
+---------------------------+------------------+-----------+------------+----------------+


------------
; Flow Log ;
------------
quartus_map --read_settings_files=on --write_settings_files=off HELLO_WORLD -c HELLO_WORLD
quartus_fit --read_settings_files=off --write_settings_files=off HELLO_WORLD -c HELLO_WORLD
quartus_asm --read_settings_files=off --write_settings_files=off HELLO_WORLD -c HELLO_WORLD
quartus_sta HELLO_WORLD -c HELLO_WORLD
quartus_eda --read_settings_files=off --write_settings_files=off HELLO_WORLD -c HELLO_WORLD



